W0622 00:00:51.750000 1147479 torch/distributed/run.py:793] 
W0622 00:00:51.750000 1147479 torch/distributed/run.py:793] *****************************************
W0622 00:00:51.750000 1147479 torch/distributed/run.py:793] Setting OMP_NUM_THREADS environment variable for each process to be 1 in default, to avoid your system being overloaded, please further tune the variable for optimal performance in your application as needed. 
W0622 00:00:51.750000 1147479 torch/distributed/run.py:793] *****************************************
Loaded checkpoint '/home/shulab/wyc/M3A_vision/checkpoint_epoch_240.pth' bect_acc tensor([80.3460], device='cuda:0') (epoch 240)
Epoch: 241/300 | Batch: 0/5004 | Loss: 2.2984 | Acc: 85.94% | LR: 0.0001063 | 
Epoch: 241/300 | Batch: 50/5004 | Loss: 3.0923 | Acc: 71.92% | LR: 0.0001063 | 
Epoch: 241/300 | Batch: 100/5004 | Loss: 3.1350 | Acc: 71.42% | LR: 0.0001063 | 
Epoch: 241/300 | Batch: 150/5004 | Loss: 3.0954 | Acc: 73.27% | LR: 0.0001062 | 
Epoch: 241/300 | Batch: 200/5004 | Loss: 3.0803 | Acc: 74.64% | LR: 0.0001062 | 
Epoch: 241/300 | Batch: 250/5004 | Loss: 3.1614 | Acc: 71.52% | LR: 0.0001062 | 
Epoch: 241/300 | Batch: 300/5004 | Loss: 3.1750 | Acc: 71.54% | LR: 0.0001061 | 
Epoch: 241/300 | Batch: 350/5004 | Loss: 3.0712 | Acc: 72.40% | LR: 0.0001061 | 
Epoch: 241/300 | Batch: 400/5004 | Loss: 3.1366 | Acc: 71.45% | LR: 0.0001061 | 
Epoch: 241/300 | Batch: 450/5004 | Loss: 3.1920 | Acc: 69.23% | LR: 0.0001060 | 
Epoch: 241/300 | Batch: 500/5004 | Loss: 3.0346 | Acc: 73.00% | LR: 0.0001060 | 
Epoch: 241/300 | Batch: 550/5004 | Loss: 3.1899 | Acc: 70.50% | LR: 0.0001060 | 
Epoch: 241/300 | Batch: 600/5004 | Loss: 3.1885 | Acc: 70.41% | LR: 0.0001059 | 
Epoch: 241/300 | Batch: 650/5004 | Loss: 3.1600 | Acc: 72.23% | LR: 0.0001059 | 
Epoch: 241/300 | Batch: 700/5004 | Loss: 3.1604 | Acc: 68.96% | LR: 0.0001059 | 
Epoch: 241/300 | Batch: 750/5004 | Loss: 3.0454 | Acc: 72.11% | LR: 0.0001058 | 
Epoch: 241/300 | Batch: 800/5004 | Loss: 3.1152 | Acc: 71.78% | LR: 0.0001058 | 
Epoch: 241/300 | Batch: 850/5004 | Loss: 3.1103 | Acc: 71.95% | LR: 0.0001057 | 
Epoch: 241/300 | Batch: 900/5004 | Loss: 3.1060 | Acc: 71.91% | LR: 0.0001057 | 
Epoch: 241/300 | Batch: 950/5004 | Loss: 3.1635 | Acc: 70.64% | LR: 0.0001057 | 
Epoch: 241/300 | Batch: 1000/5004 | Loss: 3.1189 | Acc: 71.91% | LR: 0.0001056 | 
Epoch: 241/300 | Batch: 1050/5004 | Loss: 3.1727 | Acc: 70.83% | LR: 0.0001056 | 
Epoch: 241/300 | Batch: 1100/5004 | Loss: 3.1885 | Acc: 70.51% | LR: 0.0001056 | 
Epoch: 241/300 | Batch: 1150/5004 | Loss: 3.2652 | Acc: 67.33% | LR: 0.0001055 | 
Epoch: 241/300 | Batch: 1200/5004 | Loss: 3.1972 | Acc: 69.25% | LR: 0.0001055 | 
Epoch: 241/300 | Batch: 1250/5004 | Loss: 3.1770 | Acc: 70.17% | LR: 0.0001055 | 
Epoch: 241/300 | Batch: 1300/5004 | Loss: 3.0909 | Acc: 72.49% | LR: 0.0001054 | 
Epoch: 241/300 | Batch: 1350/5004 | Loss: 3.1801 | Acc: 70.62% | LR: 0.0001054 | 
Epoch: 241/300 | Batch: 1400/5004 | Loss: 3.1380 | Acc: 70.80% | LR: 0.0001054 | 
Epoch: 241/300 | Batch: 1450/5004 | Loss: 3.2600 | Acc: 69.12% | LR: 0.0001053 | 
Epoch: 241/300 | Batch: 1500/5004 | Loss: 3.2182 | Acc: 68.61% | LR: 0.0001053 | 
Epoch: 241/300 | Batch: 1550/5004 | Loss: 3.1510 | Acc: 70.32% | LR: 0.0001053 | 
Epoch: 241/300 | Batch: 1600/5004 | Loss: 3.2214 | Acc: 69.55% | LR: 0.0001052 | 
Epoch: 241/300 | Batch: 1650/5004 | Loss: 3.2370 | Acc: 68.44% | LR: 0.0001052 | 
Epoch: 241/300 | Batch: 1700/5004 | Loss: 3.2256 | Acc: 69.82% | LR: 0.0001052 | 
Epoch: 241/300 | Batch: 1750/5004 | Loss: 3.1412 | Acc: 72.29% | LR: 0.0001051 | 
Epoch: 241/300 | Batch: 1800/5004 | Loss: 3.2368 | Acc: 70.13% | LR: 0.0001051 | 
Epoch: 241/300 | Batch: 1850/5004 | Loss: 3.2526 | Acc: 69.59% | LR: 0.0001051 | 
Epoch: 241/300 | Batch: 1900/5004 | Loss: 3.2338 | Acc: 66.86% | LR: 0.0001050 | 
Epoch: 241/300 | Batch: 1950/5004 | Loss: 3.0741 | Acc: 71.76% | LR: 0.0001050 | 
Epoch: 241/300 | Batch: 2000/5004 | Loss: 3.1975 | Acc: 70.77% | LR: 0.0001050 | 
Epoch: 241/300 | Batch: 2050/5004 | Loss: 3.1342 | Acc: 71.05% | LR: 0.0001049 | 
Epoch: 241/300 | Batch: 2100/5004 | Loss: 3.1732 | Acc: 70.59% | LR: 0.0001049 | 
Epoch: 241/300 | Batch: 2150/5004 | Loss: 3.1704 | Acc: 71.25% | LR: 0.0001049 | 
Epoch: 241/300 | Batch: 2200/5004 | Loss: 3.1286 | Acc: 70.54% | LR: 0.0001048 | 
Epoch: 241/300 | Batch: 2250/5004 | Loss: 3.1303 | Acc: 70.62% | LR: 0.0001048 | 
Epoch: 241/300 | Batch: 2300/5004 | Loss: 3.1141 | Acc: 71.84% | LR: 0.0001048 | 
Epoch: 241/300 | Batch: 2350/5004 | Loss: 3.2056 | Acc: 69.42% | LR: 0.0001047 | 
Epoch: 241/300 | Batch: 2400/5004 | Loss: 3.1683 | Acc: 69.49% | LR: 0.0001047 | 
Epoch: 241/300 | Batch: 2450/5004 | Loss: 3.1767 | Acc: 70.53% | LR: 0.0001047 | 
Epoch: 241/300 | Batch: 2500/5004 | Loss: 3.1558 | Acc: 69.09% | LR: 0.0001046 | 
Epoch: 241/300 | Batch: 2550/5004 | Loss: 3.2488 | Acc: 67.65% | LR: 0.0001046 | 
Epoch: 241/300 | Batch: 2600/5004 | Loss: 3.2958 | Acc: 66.55% | LR: 0.0001046 | 
Epoch: 241/300 | Batch: 2650/5004 | Loss: 3.2029 | Acc: 69.14% | LR: 0.0001045 | 
Epoch: 241/300 | Batch: 2700/5004 | Loss: 3.2253 | Acc: 69.59% | LR: 0.0001045 | 
Epoch: 241/300 | Batch: 2750/5004 | Loss: 3.2095 | Acc: 69.07% | LR: 0.0001045 | 
Epoch: 241/300 | Batch: 2800/5004 | Loss: 3.2093 | Acc: 68.52% | LR: 0.0001044 | 
Epoch: 241/300 | Batch: 2850/5004 | Loss: 3.1585 | Acc: 71.74% | LR: 0.0001044 | 
Epoch: 241/300 | Batch: 2900/5004 | Loss: 3.2206 | Acc: 68.77% | LR: 0.0001044 | 
Epoch: 241/300 | Batch: 2950/5004 | Loss: 3.2624 | Acc: 67.00% | LR: 0.0001043 | 
Epoch: 241/300 | Batch: 3000/5004 | Loss: 3.3278 | Acc: 66.90% | LR: 0.0001043 | 
Epoch: 241/300 | Batch: 3050/5004 | Loss: 3.2160 | Acc: 68.62% | LR: 0.0001043 | 
Epoch: 241/300 | Batch: 3100/5004 | Loss: 3.2477 | Acc: 66.88% | LR: 0.0001042 | 
Epoch: 241/300 | Batch: 3150/5004 | Loss: 3.1847 | Acc: 71.14% | LR: 0.0001042 | 
Epoch: 241/300 | Batch: 3200/5004 | Loss: 3.1939 | Acc: 69.48% | LR: 0.0001042 | 
Epoch: 241/300 | Batch: 3250/5004 | Loss: 3.3477 | Acc: 66.21% | LR: 0.0001041 | 
Epoch: 241/300 | Batch: 3300/5004 | Loss: 3.1912 | Acc: 69.55% | LR: 0.0001041 | 
Epoch: 241/300 | Batch: 3350/5004 | Loss: 3.2198 | Acc: 68.83% | LR: 0.0001041 | 
Epoch: 241/300 | Batch: 3400/5004 | Loss: 3.1382 | Acc: 70.61% | LR: 0.0001040 | 
Epoch: 241/300 | Batch: 3450/5004 | Loss: 3.2489 | Acc: 68.09% | LR: 0.0001040 | 
Epoch: 241/300 | Batch: 3500/5004 | Loss: 3.2420 | Acc: 67.09% | LR: 0.0001040 | 
Epoch: 241/300 | Batch: 3550/5004 | Loss: 3.1704 | Acc: 70.65% | LR: 0.0001039 | 
Epoch: 241/300 | Batch: 3600/5004 | Loss: 3.2509 | Acc: 68.34% | LR: 0.0001039 | 
Epoch: 241/300 | Batch: 3650/5004 | Loss: 3.3223 | Acc: 67.19% | LR: 0.0001039 | 
Epoch: 241/300 | Batch: 3700/5004 | Loss: 3.2869 | Acc: 64.90% | LR: 0.0001038 | 
Epoch: 241/300 | Batch: 3750/5004 | Loss: 3.1721 | Acc: 70.46% | LR: 0.0001038 | 
Epoch: 241/300 | Batch: 3800/5004 | Loss: 3.1548 | Acc: 68.79% | LR: 0.0001038 | 
Epoch: 241/300 | Batch: 3850/5004 | Loss: 3.2389 | Acc: 68.66% | LR: 0.0001037 | 
Epoch: 241/300 | Batch: 3900/5004 | Loss: 3.3160 | Acc: 65.72% | LR: 0.0001037 | 
Epoch: 241/300 | Batch: 3950/5004 | Loss: 3.2597 | Acc: 66.73% | LR: 0.0001037 | 
Epoch: 241/300 | Batch: 4000/5004 | Loss: 3.3289 | Acc: 66.09% | LR: 0.0001036 | 
Epoch: 241/300 | Batch: 4050/5004 | Loss: 3.2167 | Acc: 69.24% | LR: 0.0001036 | 
Epoch: 241/300 | Batch: 4100/5004 | Loss: 3.2683 | Acc: 66.95% | LR: 0.0001036 | 
Epoch: 241/300 | Batch: 4150/5004 | Loss: 3.2117 | Acc: 69.95% | LR: 0.0001035 | 
Epoch: 241/300 | Batch: 4200/5004 | Loss: 3.2600 | Acc: 67.85% | LR: 0.0001035 | 
Epoch: 241/300 | Batch: 4250/5004 | Loss: 3.1955 | Acc: 69.67% | LR: 0.0001035 | 
Epoch: 241/300 | Batch: 4300/5004 | Loss: 3.1739 | Acc: 70.01% | LR: 0.0001034 | 
Epoch: 241/300 | Batch: 4350/5004 | Loss: 3.1635 | Acc: 69.23% | LR: 0.0001034 | 
Epoch: 241/300 | Batch: 4400/5004 | Loss: 3.3175 | Acc: 66.39% | LR: 0.0001034 | 
Epoch: 241/300 | Batch: 4450/5004 | Loss: 3.2310 | Acc: 67.72% | LR: 0.0001033 | 
Epoch: 241/300 | Batch: 4500/5004 | Loss: 3.3448 | Acc: 65.00% | LR: 0.0001033 | 
Epoch: 241/300 | Batch: 4550/5004 | Loss: 3.1551 | Acc: 69.49% | LR: 0.0001033 | 
Epoch: 241/300 | Batch: 4600/5004 | Loss: 3.3117 | Acc: 66.94% | LR: 0.0001032 | 
Epoch: 241/300 | Batch: 4650/5004 | Loss: 3.2541 | Acc: 67.60% | LR: 0.0001032 | 
Epoch: 241/300 | Batch: 4700/5004 | Loss: 3.2953 | Acc: 66.38% | LR: 0.0001032 | 
Epoch: 241/300 | Batch: 4750/5004 | Loss: 3.2937 | Acc: 67.48% | LR: 0.0001031 | 
Epoch: 241/300 | Batch: 4800/5004 | Loss: 3.1745 | Acc: 69.64% | LR: 0.0001031 | 
Epoch: 241/300 | Batch: 4850/5004 | Loss: 3.2879 | Acc: 67.22% | LR: 0.0001031 | 
Epoch: 241/300 | Batch: 4900/5004 | Loss: 3.2798 | Acc: 67.34% | LR: 0.0001030 | 
Epoch: 241/300 | Batch: 4950/5004 | Loss: 3.1465 | Acc: 70.41% | LR: 0.0001030 | 
Epoch: 241/300 | Batch: 5000/5004 | Loss: 3.1422 | Acc: 71.05% | LR: 0.0001030 | 
Val Loss: 1.8210 | Val Acc: 78.55%
Epoch: 242/300 | Batch: 0/5004 | Loss: 3.1972 | Acc: 79.69% | LR: 0.0001030 | 
Epoch: 242/300 | Batch: 50/5004 | Loss: 3.2484 | Acc: 70.68% | LR: 0.0001029 | 
Epoch: 242/300 | Batch: 100/5004 | Loss: 3.1704 | Acc: 70.06% | LR: 0.0001029 | 
Epoch: 242/300 | Batch: 150/5004 | Loss: 3.1229 | Acc: 70.13% | LR: 0.0001029 | 
Epoch: 242/300 | Batch: 200/5004 | Loss: 3.1660 | Acc: 69.84% | LR: 0.0001028 | 
Epoch: 242/300 | Batch: 250/5004 | Loss: 3.1165 | Acc: 71.16% | LR: 0.0001028 | 
Epoch: 242/300 | Batch: 300/5004 | Loss: 3.2614 | Acc: 69.08% | LR: 0.0001028 | 
Epoch: 242/300 | Batch: 350/5004 | Loss: 3.1584 | Acc: 71.09% | LR: 0.0001027 | 
Epoch: 242/300 | Batch: 400/5004 | Loss: 3.2187 | Acc: 70.45% | LR: 0.0001027 | 
Epoch: 242/300 | Batch: 450/5004 | Loss: 3.1931 | Acc: 68.80% | LR: 0.0001027 | 
Epoch: 242/300 | Batch: 500/5004 | Loss: 3.2103 | Acc: 69.39% | LR: 0.0001026 | 
Epoch: 242/300 | Batch: 550/5004 | Loss: 3.1812 | Acc: 70.34% | LR: 0.0001026 | 
Epoch: 242/300 | Batch: 600/5004 | Loss: 3.1781 | Acc: 70.05% | LR: 0.0001026 | 
Epoch: 242/300 | Batch: 650/5004 | Loss: 3.1925 | Acc: 70.34% | LR: 0.0001025 | 
Epoch: 242/300 | Batch: 700/5004 | Loss: 3.1116 | Acc: 72.55% | LR: 0.0001025 | 
Epoch: 242/300 | Batch: 750/5004 | Loss: 3.0871 | Acc: 72.19% | LR: 0.0001025 | 
Epoch: 242/300 | Batch: 800/5004 | Loss: 3.2047 | Acc: 70.94% | LR: 0.0001024 | 
Epoch: 242/300 | Batch: 850/5004 | Loss: 3.2479 | Acc: 68.50% | LR: 0.0001024 | 
Epoch: 242/300 | Batch: 900/5004 | Loss: 3.1218 | Acc: 72.79% | LR: 0.0001024 | 
Epoch: 242/300 | Batch: 950/5004 | Loss: 3.1080 | Acc: 71.49% | LR: 0.0001023 | 
Epoch: 242/300 | Batch: 1000/5004 | Loss: 3.1729 | Acc: 70.16% | LR: 0.0001023 | 
Epoch: 242/300 | Batch: 1050/5004 | Loss: 3.2989 | Acc: 68.43% | LR: 0.0001023 | 
Epoch: 242/300 | Batch: 1100/5004 | Loss: 3.1666 | Acc: 71.48% | LR: 0.0001022 | 
Epoch: 242/300 | Batch: 1150/5004 | Loss: 3.2565 | Acc: 68.59% | LR: 0.0001022 | 
Epoch: 242/300 | Batch: 1200/5004 | Loss: 3.1508 | Acc: 69.26% | LR: 0.0001022 | 
Epoch: 242/300 | Batch: 1250/5004 | Loss: 3.2278 | Acc: 69.49% | LR: 0.0001021 | 
Epoch: 242/300 | Batch: 1300/5004 | Loss: 3.2576 | Acc: 68.38% | LR: 0.0001021 | 
Epoch: 242/300 | Batch: 1350/5004 | Loss: 3.1943 | Acc: 70.21% | LR: 0.0001021 | 
Epoch: 242/300 | Batch: 1400/5004 | Loss: 3.1967 | Acc: 69.48% | LR: 0.0001020 | 
Epoch: 242/300 | Batch: 1450/5004 | Loss: 3.1453 | Acc: 71.13% | LR: 0.0001020 | 
Epoch: 242/300 | Batch: 1500/5004 | Loss: 3.1368 | Acc: 70.81% | LR: 0.0001020 | 
Epoch: 242/300 | Batch: 1550/5004 | Loss: 3.2316 | Acc: 68.30% | LR: 0.0001019 | 
Epoch: 242/300 | Batch: 1600/5004 | Loss: 3.1518 | Acc: 70.86% | LR: 0.0001019 | 
Epoch: 242/300 | Batch: 1650/5004 | Loss: 3.2354 | Acc: 68.28% | LR: 0.0001019 | 
Epoch: 242/300 | Batch: 1700/5004 | Loss: 3.2452 | Acc: 69.34% | LR: 0.0001018 | 
Epoch: 242/300 | Batch: 1750/5004 | Loss: 3.1581 | Acc: 71.12% | LR: 0.0001018 | 
Epoch: 242/300 | Batch: 1800/5004 | Loss: 3.1108 | Acc: 72.15% | LR: 0.0001018 | 
Epoch: 242/300 | Batch: 1850/5004 | Loss: 3.1519 | Acc: 71.20% | LR: 0.0001017 | 
Epoch: 242/300 | Batch: 1900/5004 | Loss: 3.1906 | Acc: 70.68% | LR: 0.0001017 | 
Epoch: 242/300 | Batch: 1950/5004 | Loss: 3.2315 | Acc: 69.03% | LR: 0.0001017 | 
Epoch: 242/300 | Batch: 2000/5004 | Loss: 3.2087 | Acc: 68.44% | LR: 0.0001016 | 
Epoch: 242/300 | Batch: 2050/5004 | Loss: 3.1849 | Acc: 69.65% | LR: 0.0001016 | 
Epoch: 242/300 | Batch: 2100/5004 | Loss: 3.1840 | Acc: 69.48% | LR: 0.0001016 | 
Epoch: 242/300 | Batch: 2150/5004 | Loss: 3.2150 | Acc: 69.25% | LR: 0.0001015 | 
Epoch: 242/300 | Batch: 2200/5004 | Loss: 3.2621 | Acc: 68.35% | LR: 0.0001015 | 
Epoch: 242/300 | Batch: 2250/5004 | Loss: 3.1348 | Acc: 70.03% | LR: 0.0001015 | 
Epoch: 242/300 | Batch: 2300/5004 | Loss: 3.1558 | Acc: 71.71% | LR: 0.0001014 | 
Epoch: 242/300 | Batch: 2350/5004 | Loss: 3.1909 | Acc: 70.61% | LR: 0.0001014 | 
Epoch: 242/300 | Batch: 2400/5004 | Loss: 3.3169 | Acc: 66.45% | LR: 0.0001014 | 
Epoch: 242/300 | Batch: 2450/5004 | Loss: 3.2723 | Acc: 67.45% | LR: 0.0001013 | 
Epoch: 242/300 | Batch: 2500/5004 | Loss: 3.3256 | Acc: 67.21% | LR: 0.0001013 | 
Epoch: 242/300 | Batch: 2550/5004 | Loss: 3.1521 | Acc: 69.29% | LR: 0.0001013 | 
Epoch: 242/300 | Batch: 2600/5004 | Loss: 3.2448 | Acc: 67.74% | LR: 0.0001012 | 
Epoch: 242/300 | Batch: 2650/5004 | Loss: 3.2353 | Acc: 68.51% | LR: 0.0001012 | 
Epoch: 242/300 | Batch: 2700/5004 | Loss: 3.2478 | Acc: 68.87% | LR: 0.0001012 | 
Epoch: 242/300 | Batch: 2750/5004 | Loss: 3.2226 | Acc: 69.31% | LR: 0.0001011 | 
Epoch: 242/300 | Batch: 2800/5004 | Loss: 3.3133 | Acc: 66.52% | LR: 0.0001011 | 
Epoch: 242/300 | Batch: 2850/5004 | Loss: 3.2703 | Acc: 67.84% | LR: 0.0001011 | 
Epoch: 242/300 | Batch: 2900/5004 | Loss: 3.2413 | Acc: 67.55% | LR: 0.0001010 | 
Epoch: 242/300 | Batch: 2950/5004 | Loss: 3.2819 | Acc: 67.24% | LR: 0.0001010 | 
Epoch: 242/300 | Batch: 3000/5004 | Loss: 3.2878 | Acc: 67.52% | LR: 0.0001010 | 
Epoch: 242/300 | Batch: 3050/5004 | Loss: 3.1477 | Acc: 72.01% | LR: 0.0001009 | 
Epoch: 242/300 | Batch: 3100/5004 | Loss: 3.3036 | Acc: 67.24% | LR: 0.0001009 | 
Epoch: 242/300 | Batch: 3150/5004 | Loss: 3.2700 | Acc: 67.30% | LR: 0.0001009 | 
Epoch: 242/300 | Batch: 3200/5004 | Loss: 3.1682 | Acc: 69.93% | LR: 0.0001008 | 
Epoch: 242/300 | Batch: 3250/5004 | Loss: 3.2566 | Acc: 69.10% | LR: 0.0001008 | 
Epoch: 242/300 | Batch: 3300/5004 | Loss: 3.1519 | Acc: 70.46% | LR: 0.0001008 | 
Epoch: 242/300 | Batch: 3350/5004 | Loss: 3.1572 | Acc: 69.27% | LR: 0.0001007 | 
Epoch: 242/300 | Batch: 3400/5004 | Loss: 3.1906 | Acc: 69.92% | LR: 0.0001007 | 
Epoch: 242/300 | Batch: 3450/5004 | Loss: 3.2653 | Acc: 69.92% | LR: 0.0001007 | 
Epoch: 242/300 | Batch: 3500/5004 | Loss: 3.2521 | Acc: 69.23% | LR: 0.0001006 | 
Epoch: 242/300 | Batch: 3550/5004 | Loss: 3.2457 | Acc: 68.22% | LR: 0.0001006 | 
Epoch: 242/300 | Batch: 3600/5004 | Loss: 3.1536 | Acc: 70.48% | LR: 0.0001006 | 
Epoch: 242/300 | Batch: 3650/5004 | Loss: 3.2342 | Acc: 68.52% | LR: 0.0001005 | 
Epoch: 242/300 | Batch: 3700/5004 | Loss: 3.2505 | Acc: 68.66% | LR: 0.0001005 | 
Epoch: 242/300 | Batch: 3750/5004 | Loss: 3.3369 | Acc: 65.99% | LR: 0.0001005 | 
Epoch: 242/300 | Batch: 3800/5004 | Loss: 3.2654 | Acc: 68.70% | LR: 0.0001004 | 
Epoch: 242/300 | Batch: 3850/5004 | Loss: 3.2100 | Acc: 69.63% | LR: 0.0001004 | 
Epoch: 242/300 | Batch: 3900/5004 | Loss: 3.2044 | Acc: 68.93% | LR: 0.0001004 | 
Epoch: 242/300 | Batch: 3950/5004 | Loss: 3.2804 | Acc: 68.05% | LR: 0.0001003 | 
Epoch: 242/300 | Batch: 4000/5004 | Loss: 3.2431 | Acc: 68.16% | LR: 0.0001003 | 
Epoch: 242/300 | Batch: 4050/5004 | Loss: 3.2029 | Acc: 68.89% | LR: 0.0001003 | 
Epoch: 242/300 | Batch: 4100/5004 | Loss: 3.1640 | Acc: 69.20% | LR: 0.0001003 | 
Epoch: 242/300 | Batch: 4150/5004 | Loss: 3.2100 | Acc: 69.93% | LR: 0.0001002 | 
Epoch: 242/300 | Batch: 4200/5004 | Loss: 3.2484 | Acc: 67.94% | LR: 0.0001002 | 
Epoch: 242/300 | Batch: 4250/5004 | Loss: 3.2465 | Acc: 68.05% | LR: 0.0001002 | 
Epoch: 242/300 | Batch: 4300/5004 | Loss: 3.3195 | Acc: 67.34% | LR: 0.0001001 | 
Epoch: 242/300 | Batch: 4350/5004 | Loss: 3.3229 | Acc: 66.62% | LR: 0.0001001 | 
Epoch: 242/300 | Batch: 4400/5004 | Loss: 3.2236 | Acc: 68.94% | LR: 0.0001001 | 
Epoch: 242/300 | Batch: 4450/5004 | Loss: 3.2754 | Acc: 67.89% | LR: 0.0001000 | 
Epoch: 242/300 | Batch: 4500/5004 | Loss: 3.1690 | Acc: 69.76% | LR: 0.0001000 | 
Epoch: 242/300 | Batch: 4550/5004 | Loss: 3.2065 | Acc: 68.45% | LR: 0.0001000 | 
Epoch: 242/300 | Batch: 4600/5004 | Loss: 3.2854 | Acc: 67.31% | LR: 0.0000999 | 
Epoch: 242/300 | Batch: 4650/5004 | Loss: 3.2835 | Acc: 66.77% | LR: 0.0000999 | 
Epoch: 242/300 | Batch: 4700/5004 | Loss: 3.3499 | Acc: 65.09% | LR: 0.0000999 | 
Epoch: 242/300 | Batch: 4750/5004 | Loss: 3.2236 | Acc: 67.89% | LR: 0.0000998 | 
Epoch: 242/300 | Batch: 4800/5004 | Loss: 3.1764 | Acc: 70.33% | LR: 0.0000998 | 
Epoch: 242/300 | Batch: 4850/5004 | Loss: 3.1923 | Acc: 69.30% | LR: 0.0000998 | 
Epoch: 242/300 | Batch: 4900/5004 | Loss: 3.3266 | Acc: 67.38% | LR: 0.0000997 | 
Epoch: 242/300 | Batch: 4950/5004 | Loss: 3.2121 | Acc: 68.62% | LR: 0.0000997 | 
Epoch: 242/300 | Batch: 5000/5004 | Loss: 3.2901 | Acc: 67.87% | LR: 0.0000997 | 
Val Loss: 1.8275 | Val Acc: 78.49%
Epoch: 243/300 | Batch: 0/5004 | Loss: 2.8448 | Acc: 77.34% | LR: 0.0000997 | 
Epoch: 243/300 | Batch: 50/5004 | Loss: 3.2514 | Acc: 68.70% | LR: 0.0000996 | 
Epoch: 243/300 | Batch: 100/5004 | Loss: 3.1658 | Acc: 71.09% | LR: 0.0000996 | 
Epoch: 243/300 | Batch: 150/5004 | Loss: 3.2612 | Acc: 69.31% | LR: 0.0000996 | 
Epoch: 243/300 | Batch: 200/5004 | Loss: 3.1931 | Acc: 69.98% | LR: 0.0000995 | 
Epoch: 243/300 | Batch: 250/5004 | Loss: 3.2236 | Acc: 67.98% | LR: 0.0000995 | 
Epoch: 243/300 | Batch: 300/5004 | Loss: 3.1909 | Acc: 69.50% | LR: 0.0000995 | 
Epoch: 243/300 | Batch: 350/5004 | Loss: 3.2131 | Acc: 68.68% | LR: 0.0000994 | 
Epoch: 243/300 | Batch: 400/5004 | Loss: 3.1670 | Acc: 71.17% | LR: 0.0000994 | 
Epoch: 243/300 | Batch: 450/5004 | Loss: 3.2089 | Acc: 68.20% | LR: 0.0000994 | 
Epoch: 243/300 | Batch: 500/5004 | Loss: 3.1701 | Acc: 69.64% | LR: 0.0000993 | 
Epoch: 243/300 | Batch: 550/5004 | Loss: 3.1707 | Acc: 71.54% | LR: 0.0000993 | 
Epoch: 243/300 | Batch: 600/5004 | Loss: 3.2378 | Acc: 68.03% | LR: 0.0000993 | 
Epoch: 243/300 | Batch: 650/5004 | Loss: 3.2418 | Acc: 68.68% | LR: 0.0000992 | 
Epoch: 243/300 | Batch: 700/5004 | Loss: 3.1524 | Acc: 69.83% | LR: 0.0000992 | 
Epoch: 243/300 | Batch: 750/5004 | Loss: 3.1865 | Acc: 70.40% | LR: 0.0000992 | 
Epoch: 243/300 | Batch: 800/5004 | Loss: 3.1266 | Acc: 71.45% | LR: 0.0000991 | 
Epoch: 243/300 | Batch: 850/5004 | Loss: 3.1679 | Acc: 71.94% | LR: 0.0000991 | 
Epoch: 243/300 | Batch: 900/5004 | Loss: 3.2497 | Acc: 68.24% | LR: 0.0000991 | 
Epoch: 243/300 | Batch: 950/5004 | Loss: 3.1862 | Acc: 70.84% | LR: 0.0000990 | 
Epoch: 243/300 | Batch: 1000/5004 | Loss: 3.1468 | Acc: 70.25% | LR: 0.0000990 | 
Epoch: 243/300 | Batch: 1050/5004 | Loss: 3.1982 | Acc: 68.67% | LR: 0.0000990 | 
Epoch: 243/300 | Batch: 1100/5004 | Loss: 3.1755 | Acc: 69.05% | LR: 0.0000989 | 
Epoch: 243/300 | Batch: 1150/5004 | Loss: 3.1605 | Acc: 70.19% | LR: 0.0000989 | 
Epoch: 243/300 | Batch: 1200/5004 | Loss: 3.2226 | Acc: 68.77% | LR: 0.0000989 | 
Epoch: 243/300 | Batch: 1250/5004 | Loss: 3.2016 | Acc: 69.72% | LR: 0.0000988 | 
Epoch: 243/300 | Batch: 1300/5004 | Loss: 3.1777 | Acc: 70.80% | LR: 0.0000988 | 
Epoch: 243/300 | Batch: 1350/5004 | Loss: 3.2801 | Acc: 67.21% | LR: 0.0000988 | 
Epoch: 243/300 | Batch: 1400/5004 | Loss: 3.1633 | Acc: 70.91% | LR: 0.0000987 | 
Epoch: 243/300 | Batch: 1450/5004 | Loss: 3.1427 | Acc: 70.40% | LR: 0.0000987 | 
Epoch: 243/300 | Batch: 1500/5004 | Loss: 3.2419 | Acc: 68.23% | LR: 0.0000987 | 
Epoch: 243/300 | Batch: 1550/5004 | Loss: 3.1174 | Acc: 71.50% | LR: 0.0000986 | 
Epoch: 243/300 | Batch: 1600/5004 | Loss: 3.2546 | Acc: 68.53% | LR: 0.0000986 | 
Epoch: 243/300 | Batch: 1650/5004 | Loss: 3.2177 | Acc: 68.09% | LR: 0.0000986 | 
Epoch: 243/300 | Batch: 1700/5004 | Loss: 3.2409 | Acc: 69.87% | LR: 0.0000985 | 
Epoch: 243/300 | Batch: 1750/5004 | Loss: 3.1607 | Acc: 71.06% | LR: 0.0000985 | 
Epoch: 243/300 | Batch: 1800/5004 | Loss: 3.2516 | Acc: 68.24% | LR: 0.0000985 | 
Epoch: 243/300 | Batch: 1850/5004 | Loss: 3.0798 | Acc: 73.95% | LR: 0.0000984 | 
Epoch: 243/300 | Batch: 1900/5004 | Loss: 3.2024 | Acc: 70.17% | LR: 0.0000984 | 
Epoch: 243/300 | Batch: 1950/5004 | Loss: 3.1420 | Acc: 71.35% | LR: 0.0000984 | 
Epoch: 243/300 | Batch: 2000/5004 | Loss: 3.0717 | Acc: 72.51% | LR: 0.0000983 | 
Epoch: 243/300 | Batch: 2050/5004 | Loss: 3.2041 | Acc: 68.16% | LR: 0.0000983 | 
Epoch: 243/300 | Batch: 2100/5004 | Loss: 3.2564 | Acc: 68.42% | LR: 0.0000983 | 
Epoch: 243/300 | Batch: 2150/5004 | Loss: 3.2756 | Acc: 67.68% | LR: 0.0000982 | 
Epoch: 243/300 | Batch: 2200/5004 | Loss: 3.2540 | Acc: 69.45% | LR: 0.0000982 | 
Epoch: 243/300 | Batch: 2250/5004 | Loss: 3.0925 | Acc: 71.01% | LR: 0.0000982 | 
Epoch: 243/300 | Batch: 2300/5004 | Loss: 3.1944 | Acc: 69.45% | LR: 0.0000982 | 
Epoch: 243/300 | Batch: 2350/5004 | Loss: 3.2328 | Acc: 69.27% | LR: 0.0000981 | 
Epoch: 243/300 | Batch: 2400/5004 | Loss: 3.3250 | Acc: 67.41% | LR: 0.0000981 | 
Epoch: 243/300 | Batch: 2450/5004 | Loss: 3.2329 | Acc: 69.05% | LR: 0.0000981 | 
Epoch: 243/300 | Batch: 2500/5004 | Loss: 3.2818 | Acc: 68.31% | LR: 0.0000980 | 
Epoch: 243/300 | Batch: 2550/5004 | Loss: 3.2738 | Acc: 68.47% | LR: 0.0000980 | 
Epoch: 243/300 | Batch: 2600/5004 | Loss: 3.2535 | Acc: 68.78% | LR: 0.0000980 | 
Epoch: 243/300 | Batch: 2650/5004 | Loss: 3.2464 | Acc: 67.44% | LR: 0.0000979 | 
Epoch: 243/300 | Batch: 2700/5004 | Loss: 3.1653 | Acc: 68.98% | LR: 0.0000979 | 
Epoch: 243/300 | Batch: 2750/5004 | Loss: 3.2542 | Acc: 69.41% | LR: 0.0000979 | 
Epoch: 243/300 | Batch: 2800/5004 | Loss: 3.1659 | Acc: 69.10% | LR: 0.0000978 | 
Epoch: 243/300 | Batch: 2850/5004 | Loss: 3.2227 | Acc: 68.77% | LR: 0.0000978 | 
Epoch: 243/300 | Batch: 2900/5004 | Loss: 3.2677 | Acc: 67.47% | LR: 0.0000978 | 
Epoch: 243/300 | Batch: 2950/5004 | Loss: 3.2154 | Acc: 68.72% | LR: 0.0000977 | 
Epoch: 243/300 | Batch: 3000/5004 | Loss: 3.2426 | Acc: 68.96% | LR: 0.0000977 | 
Epoch: 243/300 | Batch: 3050/5004 | Loss: 3.2273 | Acc: 69.53% | LR: 0.0000977 | 
Epoch: 243/300 | Batch: 3100/5004 | Loss: 3.2193 | Acc: 69.55% | LR: 0.0000976 | 
Epoch: 243/300 | Batch: 3150/5004 | Loss: 3.2024 | Acc: 70.71% | LR: 0.0000976 | 
Epoch: 243/300 | Batch: 3200/5004 | Loss: 3.1351 | Acc: 70.08% | LR: 0.0000976 | 
Epoch: 243/300 | Batch: 3250/5004 | Loss: 3.2206 | Acc: 68.98% | LR: 0.0000975 | 
Epoch: 243/300 | Batch: 3300/5004 | Loss: 3.1796 | Acc: 69.55% | LR: 0.0000975 | 
Epoch: 243/300 | Batch: 3350/5004 | Loss: 3.1475 | Acc: 70.81% | LR: 0.0000975 | 
Epoch: 243/300 | Batch: 3400/5004 | Loss: 3.2574 | Acc: 69.80% | LR: 0.0000974 | 
Epoch: 243/300 | Batch: 3450/5004 | Loss: 3.2765 | Acc: 67.48% | LR: 0.0000974 | 
Epoch: 243/300 | Batch: 3500/5004 | Loss: 3.1504 | Acc: 70.42% | LR: 0.0000974 | 
Epoch: 243/300 | Batch: 3550/5004 | Loss: 3.2625 | Acc: 68.94% | LR: 0.0000973 | 
Epoch: 243/300 | Batch: 3600/5004 | Loss: 3.2877 | Acc: 66.75% | LR: 0.0000973 | 
Epoch: 243/300 | Batch: 3650/5004 | Loss: 3.2155 | Acc: 68.55% | LR: 0.0000973 | 
Epoch: 243/300 | Batch: 3700/5004 | Loss: 3.2018 | Acc: 67.93% | LR: 0.0000972 | 
Epoch: 243/300 | Batch: 3750/5004 | Loss: 3.2654 | Acc: 68.28% | LR: 0.0000972 | 
Epoch: 243/300 | Batch: 3800/5004 | Loss: 3.2976 | Acc: 69.04% | LR: 0.0000972 | 
Epoch: 243/300 | Batch: 3850/5004 | Loss: 3.1781 | Acc: 69.69% | LR: 0.0000971 | 
Epoch: 243/300 | Batch: 3900/5004 | Loss: 3.3574 | Acc: 64.98% | LR: 0.0000971 | 
Epoch: 243/300 | Batch: 3950/5004 | Loss: 3.2501 | Acc: 68.76% | LR: 0.0000971 | 
Epoch: 243/300 | Batch: 4000/5004 | Loss: 3.2608 | Acc: 67.46% | LR: 0.0000970 | 
Epoch: 243/300 | Batch: 4050/5004 | Loss: 3.2717 | Acc: 67.91% | LR: 0.0000970 | 
Epoch: 243/300 | Batch: 4100/5004 | Loss: 3.2643 | Acc: 68.20% | LR: 0.0000970 | 
Epoch: 243/300 | Batch: 4150/5004 | Loss: 3.2460 | Acc: 68.48% | LR: 0.0000969 | 
Epoch: 243/300 | Batch: 4200/5004 | Loss: 3.2708 | Acc: 67.80% | LR: 0.0000969 | 
Epoch: 243/300 | Batch: 4250/5004 | Loss: 3.3340 | Acc: 65.87% | LR: 0.0000969 | 
Epoch: 243/300 | Batch: 4300/5004 | Loss: 3.2311 | Acc: 69.38% | LR: 0.0000969 | 
Epoch: 243/300 | Batch: 4350/5004 | Loss: 3.1920 | Acc: 69.48% | LR: 0.0000968 | 
Epoch: 243/300 | Batch: 4400/5004 | Loss: 3.2285 | Acc: 66.97% | LR: 0.0000968 | 
Epoch: 243/300 | Batch: 4450/5004 | Loss: 3.2395 | Acc: 68.94% | LR: 0.0000968 | 
Epoch: 243/300 | Batch: 4500/5004 | Loss: 3.2846 | Acc: 67.03% | LR: 0.0000967 | 
Epoch: 243/300 | Batch: 4550/5004 | Loss: 3.1961 | Acc: 70.95% | LR: 0.0000967 | 
Epoch: 243/300 | Batch: 4600/5004 | Loss: 3.1853 | Acc: 70.19% | LR: 0.0000967 | 
Epoch: 243/300 | Batch: 4650/5004 | Loss: 3.2176 | Acc: 67.45% | LR: 0.0000966 | 
Epoch: 243/300 | Batch: 4700/5004 | Loss: 3.1813 | Acc: 69.34% | LR: 0.0000966 | 
Epoch: 243/300 | Batch: 4750/5004 | Loss: 3.1759 | Acc: 69.05% | LR: 0.0000966 | 
Epoch: 243/300 | Batch: 4800/5004 | Loss: 3.2698 | Acc: 67.22% | LR: 0.0000965 | 
Epoch: 243/300 | Batch: 4850/5004 | Loss: 3.2290 | Acc: 68.31% | LR: 0.0000965 | 
Epoch: 243/300 | Batch: 4900/5004 | Loss: 3.2226 | Acc: 68.94% | LR: 0.0000965 | 
Epoch: 243/300 | Batch: 4950/5004 | Loss: 3.2779 | Acc: 67.11% | LR: 0.0000964 | 
Epoch: 243/300 | Batch: 5000/5004 | Loss: 3.2501 | Acc: 67.77% | LR: 0.0000964 | 
Val Loss: 1.8189 | Val Acc: 78.75%
Epoch: 244/300 | Batch: 0/5004 | Loss: 3.5775 | Acc: 53.91% | LR: 0.0000964 | 
Epoch: 244/300 | Batch: 50/5004 | Loss: 3.1714 | Acc: 70.75% | LR: 0.0000964 | 
Epoch: 244/300 | Batch: 100/5004 | Loss: 3.1534 | Acc: 70.57% | LR: 0.0000963 | 
Epoch: 244/300 | Batch: 150/5004 | Loss: 3.1540 | Acc: 70.01% | LR: 0.0000963 | 
Epoch: 244/300 | Batch: 200/5004 | Loss: 3.1906 | Acc: 69.42% | LR: 0.0000963 | 
Epoch: 244/300 | Batch: 250/5004 | Loss: 3.1953 | Acc: 70.48% | LR: 0.0000962 | 
Epoch: 244/300 | Batch: 300/5004 | Loss: 3.2689 | Acc: 68.32% | LR: 0.0000962 | 
Epoch: 244/300 | Batch: 350/5004 | Loss: 3.1664 | Acc: 70.23% | LR: 0.0000962 | 
Epoch: 244/300 | Batch: 400/5004 | Loss: 3.1776 | Acc: 70.84% | LR: 0.0000961 | 
Epoch: 244/300 | Batch: 450/5004 | Loss: 3.2433 | Acc: 68.91% | LR: 0.0000961 | 
Epoch: 244/300 | Batch: 500/5004 | Loss: 3.1878 | Acc: 70.21% | LR: 0.0000961 | 
Epoch: 244/300 | Batch: 550/5004 | Loss: 3.1652 | Acc: 71.27% | LR: 0.0000960 | 
Epoch: 244/300 | Batch: 600/5004 | Loss: 3.2578 | Acc: 68.02% | LR: 0.0000960 | 
Epoch: 244/300 | Batch: 650/5004 | Loss: 3.1237 | Acc: 71.59% | LR: 0.0000960 | 
Epoch: 244/300 | Batch: 700/5004 | Loss: 3.1594 | Acc: 69.80% | LR: 0.0000959 | 
Epoch: 244/300 | Batch: 750/5004 | Loss: 3.1804 | Acc: 70.19% | LR: 0.0000959 | 
Epoch: 244/300 | Batch: 800/5004 | Loss: 3.2399 | Acc: 67.75% | LR: 0.0000959 | 
Epoch: 244/300 | Batch: 850/5004 | Loss: 3.1435 | Acc: 71.76% | LR: 0.0000958 | 
Epoch: 244/300 | Batch: 900/5004 | Loss: 3.1588 | Acc: 71.08% | LR: 0.0000958 | 
Epoch: 244/300 | Batch: 950/5004 | Loss: 3.1882 | Acc: 70.89% | LR: 0.0000958 | 
Epoch: 244/300 | Batch: 1000/5004 | Loss: 3.2538 | Acc: 68.41% | LR: 0.0000957 | 
Epoch: 244/300 | Batch: 1050/5004 | Loss: 3.2730 | Acc: 67.68% | LR: 0.0000957 | 
Epoch: 244/300 | Batch: 1100/5004 | Loss: 3.1222 | Acc: 71.55% | LR: 0.0000957 | 
Epoch: 244/300 | Batch: 1150/5004 | Loss: 3.1674 | Acc: 70.45% | LR: 0.0000957 | 
Epoch: 244/300 | Batch: 1200/5004 | Loss: 3.1135 | Acc: 71.20% | LR: 0.0000956 | 
Epoch: 244/300 | Batch: 1250/5004 | Loss: 3.1418 | Acc: 70.82% | LR: 0.0000956 | 
Epoch: 244/300 | Batch: 1300/5004 | Loss: 3.2619 | Acc: 67.07% | LR: 0.0000956 | 
Epoch: 244/300 | Batch: 1350/5004 | Loss: 3.0993 | Acc: 71.94% | LR: 0.0000955 | 
Epoch: 244/300 | Batch: 1400/5004 | Loss: 3.2730 | Acc: 67.43% | LR: 0.0000955 | 
Epoch: 244/300 | Batch: 1450/5004 | Loss: 3.1919 | Acc: 68.87% | LR: 0.0000955 | 
Epoch: 244/300 | Batch: 1500/5004 | Loss: 3.1662 | Acc: 70.78% | LR: 0.0000954 | 
Epoch: 244/300 | Batch: 1550/5004 | Loss: 3.1259 | Acc: 71.29% | LR: 0.0000954 | 
Epoch: 244/300 | Batch: 1600/5004 | Loss: 3.2584 | Acc: 68.78% | LR: 0.0000954 | 
Epoch: 244/300 | Batch: 1650/5004 | Loss: 3.2220 | Acc: 69.63% | LR: 0.0000953 | 
Epoch: 244/300 | Batch: 1700/5004 | Loss: 3.2892 | Acc: 67.80% | LR: 0.0000953 | 
Epoch: 244/300 | Batch: 1750/5004 | Loss: 3.1840 | Acc: 71.68% | LR: 0.0000953 | 
Epoch: 244/300 | Batch: 1800/5004 | Loss: 3.0282 | Acc: 73.95% | LR: 0.0000952 | 
Epoch: 244/300 | Batch: 1850/5004 | Loss: 3.1780 | Acc: 71.35% | LR: 0.0000952 | 
Epoch: 244/300 | Batch: 1900/5004 | Loss: 3.1451 | Acc: 72.08% | LR: 0.0000952 | 
Epoch: 244/300 | Batch: 1950/5004 | Loss: 3.1482 | Acc: 70.53% | LR: 0.0000951 | 
Epoch: 244/300 | Batch: 2000/5004 | Loss: 3.1437 | Acc: 71.21% | LR: 0.0000951 | 
Epoch: 244/300 | Batch: 2050/5004 | Loss: 3.2535 | Acc: 66.70% | LR: 0.0000951 | 
Epoch: 244/300 | Batch: 2100/5004 | Loss: 3.1963 | Acc: 69.49% | LR: 0.0000950 | 
Epoch: 244/300 | Batch: 2150/5004 | Loss: 3.3462 | Acc: 66.78% | LR: 0.0000950 | 
Epoch: 244/300 | Batch: 2200/5004 | Loss: 3.3129 | Acc: 67.63% | LR: 0.0000950 | 
Epoch: 244/300 | Batch: 2250/5004 | Loss: 3.1830 | Acc: 69.33% | LR: 0.0000949 | 
